build/app/intermediates/manifest_merge_blame_file/debug/manifest-merger-blame-debug-report.txt
1<?xml version="1.0" encoding="utf-8"?>
2<manifest xmlns:android="http://schemas.android.com/apk/res/android"
3    package="com.example.game_template"
4    android:versionCode="1"
5    android:versionName="0.0.1" >
6
7    <uses-sdk
8        android:minSdkVersion="21"
9        android:targetSdkVersion="31" />
10    <!--
11         Flutter needs it to communicate with the running application
12         to allow setting breakpoints, to provide hot reload, etc.
13    -->
14    <uses-permission android:name="android.permission.INTERNET" />
14-->src/debug/AndroidManifest.xml:6:5-66
14-->src/debug/AndroidManifest.xml:6:22-64
15    <uses-permission android:name="android.permission.ACCESS_NETWORK_STATE" />
15-->[com.google.firebase:firebase-installations:17.0.1] AndroidManifest.xml:10:5-79
15-->[com.google.firebase:firebase-installations:17.0.1] AndroidManifest.xml:10:22-76
16    <uses-permission android:name="com.google.android.gms.permission.AD_ID" /> <!-- Android package visibility setting -->
16-->[com.google.android.gms:play-services-ads-lite:20.6.0] AndroidManifest.xml:25:5-79
16-->[com.google.android.gms:play-services-ads-lite:20.6.0] AndroidManifest.xml:25:22-76
17    <queries>
17-->[com.google.android.gms:play-services-ads-lite:20.6.0] AndroidManifest.xml:28:5-44:15
18
19        <!-- For browser content -->
20        <intent>
20-->[com.google.android.gms:play-services-ads-lite:20.6.0] AndroidManifest.xml:31:9-37:18
21            <action android:name="android.intent.action.VIEW" />
21-->[com.google.android.gms:play-services-ads-lite:20.6.0] AndroidManifest.xml:32:13-65
21-->[com.google.android.gms:play-services-ads-lite:20.6.0] AndroidManifest.xml:32:21-62
22
23            <category android:name="android.intent.category.BROWSABLE" />
23-->[com.google.android.gms:play-services-ads-lite:20.6.0] AndroidManifest.xml:34:13-74
23-->[com.google.android.gms:play-services-ads-lite:20.6.0] AndroidManifest.xml:34:23-71
24
25            <data android:scheme="https" />
25-->[com.google.android.gms:play-services-ads-lite:20.6.0] AndroidManifest.xml:36:13-44
25-->[com.google.android.gms:play-services-ads-lite:20.6.0] AndroidManifest.xml:36:19-41
26        </intent>
27        <!-- End of browser content -->
28        <!-- For CustomTabsService -->
29        <intent>
29-->[com.google.android.gms:play-services-ads-lite:20.6.0] AndroidManifest.xml:40:9-42:18
30            <action android:name="android.support.customtabs.action.CustomTabsService" />
30-->[com.google.android.gms:play-services-ads-lite:20.6.0] AndroidManifest.xml:41:13-90
30-->[com.google.android.gms:play-services-ads-lite:20.6.0] AndroidManifest.xml:41:21-87
31        </intent>
32        <!-- End of CustomTabsService -->
33    </queries>
34
35    <uses-permission android:name="android.permission.WAKE_LOCK" />
35-->[com.google.android.gms:play-services-measurement-sdk-api:18.0.3] AndroidManifest.xml:25:5-68
35-->[com.google.android.gms:play-services-measurement-sdk-api:18.0.3] AndroidManifest.xml:25:22-65
36    <uses-permission android:name="android.permission.RECEIVE_BOOT_COMPLETED" />
36-->[androidx.work:work-runtime:2.7.0] AndroidManifest.xml:27:5-81
36-->[androidx.work:work-runtime:2.7.0] AndroidManifest.xml:27:22-78
37    <uses-permission android:name="android.permission.FOREGROUND_SERVICE" />
37-->[androidx.work:work-runtime:2.7.0] AndroidManifest.xml:28:5-77
37-->[androidx.work:work-runtime:2.7.0] AndroidManifest.xml:28:22-74
38    <uses-permission android:name="com.android.vending.BILLING" />
38-->[com.android.billingclient:billing:3.0.2] AndroidManifest.xml:10:5-67
38-->[com.android.billingclient:billing:3.0.2] AndroidManifest.xml:10:22-64
39
40    <application
41        android:name="android.app.Application"
42        android:appComponentFactory="androidx.core.app.CoreComponentFactory"
42-->[androidx.core:core:1.6.0] AndroidManifest.xml:24:18-86
43        android:debuggable="true"
44        android:icon="@mipmap/ic_launcher"
45        android:label="game_template" >
46        <activity
47            android:name="com.example.game_template.MainActivity"
48            android:configChanges="orientation|keyboardHidden|keyboard|screenSize|smallestScreenSize|locale|layoutDirection|fontScale|screenLayout|density|uiMode"
49            android:exported="true"
50            android:hardwareAccelerated="true"
51            android:launchMode="singleTop"
52            android:theme="@style/LaunchTheme"
53            android:windowSoftInputMode="adjustResize" >
54
55            <!--
56                 Specifies an Android theme to apply to this Activity as soon as
57                 the Android process has started. This theme is visible to the user
58                 while the Flutter UI initializes. After that, this theme continues
59                 to determine the Window background behind the Flutter UI.
60            -->
61            <meta-data
62                android:name="io.flutter.embedding.android.NormalTheme"
63                android:resource="@style/NormalTheme" />
64
65            <intent-filter>
66                <action android:name="android.intent.action.MAIN" />
67
68                <category android:name="android.intent.category.LAUNCHER" />
69            </intent-filter>
70        </activity>
71        <!-- Google Mobile Ads -->
72        <!--
73             TODO: Replace the sample AdMob app ID with an actual app ID.
74                   See README.txt for details.
75        -->
76        <meta-data
77            android:name="com.google.android.gms.ads.APPLICATION_ID"
78            android:value="ca-app-pub-3940256099942544~3347511713" />
79        <!-- Google Play Games -->
80        <!--
81            Warning: Never include the Play Games app_id directly here.
82                     It won't work. Use the XML file in res/values.
83        -->
84        <meta-data
85            android:name="com.google.android.gms.games.APP_ID"
86            android:value="@string/app_id" />
87        <meta-data
88            android:name="com.google.android.gms.version"
89            android:value="@integer/google_play_services_version" />
90        <!--
91             Don't delete the meta-data below.
92             This is used by the Flutter tool to generate GeneratedPluginRegistrant.java
93        -->
94        <meta-data
95            android:name="flutterEmbedding"
96            android:value="2" />
97
98        <service
98-->[:firebase_crashlytics] AndroidManifest.xml:8:9-12:19
99            android:name="com.google.firebase.components.ComponentDiscoveryService"
99-->[:firebase_crashlytics] AndroidManifest.xml:8:18-89
100            android:directBootAware="true"
100-->[com.google.firebase:firebase-common:20.1.0] AndroidManifest.xml:35:13-43
101            android:exported="false" >
101-->[com.google.firebase:firebase-crashlytics:18.2.10] AndroidManifest.xml:17:13-37
102            <meta-data
102-->[:firebase_crashlytics] AndroidManifest.xml:9:13-11:85
103                android:name="com.google.firebase.components:io.flutter.plugins.firebase.crashlytics.FlutterFirebaseAppRegistrar"
103-->[:firebase_crashlytics] AndroidManifest.xml:10:17-130
104                android:value="com.google.firebase.components.ComponentRegistrar" />
104-->[:firebase_crashlytics] AndroidManifest.xml:11:17-82
105            <meta-data
105-->[:firebase_core] AndroidManifest.xml:9:13-11:85
106                android:name="com.google.firebase.components:io.flutter.plugins.firebase.core.FlutterFirebaseCoreRegistrar"
106-->[:firebase_core] AndroidManifest.xml:10:17-124
107                android:value="com.google.firebase.components.ComponentRegistrar" />
107-->[:firebase_core] AndroidManifest.xml:11:17-82
108            <meta-data
108-->[com.google.firebase:firebase-crashlytics:18.2.10] AndroidManifest.xml:18:13-20:85
109                android:name="com.google.firebase.components:com.google.firebase.crashlytics.CrashlyticsRegistrar"
109-->[com.google.firebase:firebase-crashlytics:18.2.10] AndroidManifest.xml:19:17-115
110                android:value="com.google.firebase.components.ComponentRegistrar" />
110-->[com.google.firebase:firebase-crashlytics:18.2.10] AndroidManifest.xml:20:17-82
111            <meta-data
111-->[com.google.firebase:firebase-installations:17.0.1] AndroidManifest.xml:18:13-20:85
112                android:name="com.google.firebase.components:com.google.firebase.installations.FirebaseInstallationsRegistrar"
112-->[com.google.firebase:firebase-installations:17.0.1] AndroidManifest.xml:19:17-127
113                android:value="com.google.firebase.components.ComponentRegistrar" />
113-->[com.google.firebase:firebase-installations:17.0.1] AndroidManifest.xml:20:17-82
114        </service>
115
116        <meta-data
116-->[:google_mobile_ads] AndroidManifest.xml:10:9-12:36
117            android:name="io.flutter.embedded_views_preview"
117-->[:google_mobile_ads] AndroidManifest.xml:11:13-61
118            android:value="true" />
118-->[:google_mobile_ads] AndroidManifest.xml:12:13-33
119
120        <uses-library
120-->[androidx.window:window:1.0.0-beta04] AndroidManifest.xml:25:9-27:40
121            android:name="androidx.window.extensions"
121-->[androidx.window:window:1.0.0-beta04] AndroidManifest.xml:26:13-54
122            android:required="false" />
122-->[androidx.window:window:1.0.0-beta04] AndroidManifest.xml:27:13-37
123        <uses-library
123-->[androidx.window:window:1.0.0-beta04] AndroidManifest.xml:28:9-30:40
124            android:name="androidx.window.sidecar"
124-->[androidx.window:window:1.0.0-beta04] AndroidManifest.xml:29:13-51
125            android:required="false" />
125-->[androidx.window:window:1.0.0-beta04] AndroidManifest.xml:30:13-37
126
127        <provider
127-->[com.google.firebase:firebase-common:20.1.0] AndroidManifest.xml:26:9-31:39
128            android:name="com.google.firebase.provider.FirebaseInitProvider"
128-->[com.google.firebase:firebase-common:20.1.0] AndroidManifest.xml:27:13-77
129            android:authorities="com.example.game_template.firebaseinitprovider"
129-->[com.google.firebase:firebase-common:20.1.0] AndroidManifest.xml:28:13-72
130            android:directBootAware="true"
130-->[com.google.firebase:firebase-common:20.1.0] AndroidManifest.xml:29:13-43
131            android:exported="false"
131-->[com.google.firebase:firebase-common:20.1.0] AndroidManifest.xml:30:13-37
132            android:initOrder="100" />
132-->[com.google.firebase:firebase-common:20.1.0] AndroidManifest.xml:31:13-36
133        <provider
133-->[androidx.lifecycle:lifecycle-process:2.2.0] AndroidManifest.xml:25:9-29:43
134            android:name="androidx.lifecycle.ProcessLifecycleOwnerInitializer"
134-->[androidx.lifecycle:lifecycle-process:2.2.0] AndroidManifest.xml:26:13-79
135            android:authorities="com.example.game_template.lifecycle-process"
135-->[androidx.lifecycle:lifecycle-process:2.2.0] AndroidManifest.xml:27:13-69
136            android:exported="false"
136-->[androidx.lifecycle:lifecycle-process:2.2.0] AndroidManifest.xml:28:13-37
137            android:multiprocess="true" />
137-->[androidx.lifecycle:lifecycle-process:2.2.0] AndroidManifest.xml:29:13-40
138
139        <activity
139-->[com.google.android.gms:play-services-auth:20.0.1] AndroidManifest.xml:23:9-27:75
140            android:name="com.google.android.gms.auth.api.signin.internal.SignInHubActivity"
140-->[com.google.android.gms:play-services-auth:20.0.1] AndroidManifest.xml:24:13-93
141            android:excludeFromRecents="true"
141-->[com.google.android.gms:play-services-auth:20.0.1] AndroidManifest.xml:25:13-46
142            android:exported="false"
142-->[com.google.android.gms:play-services-auth:20.0.1] AndroidManifest.xml:26:13-37
143            android:theme="@android:style/Theme.Translucent.NoTitleBar" />
143-->[com.google.android.gms:play-services-auth:20.0.1] AndroidManifest.xml:27:13-72
144        <!--
145            Service handling Google Sign-In user revocation. For apps that do not integrate with
146            Google Sign-In, this service will never be started.
147        -->
148        <service
148-->[com.google.android.gms:play-services-auth:20.0.1] AndroidManifest.xml:33:9-37:51
149            android:name="com.google.android.gms.auth.api.signin.RevocationBoundService"
149-->[com.google.android.gms:play-services-auth:20.0.1] AndroidManifest.xml:34:13-89
150            android:exported="true"
150-->[com.google.android.gms:play-services-auth:20.0.1] AndroidManifest.xml:35:13-36
151            android:permission="com.google.android.gms.auth.api.signin.permission.REVOCATION_NOTIFICATION"
151-->[com.google.android.gms:play-services-auth:20.0.1] AndroidManifest.xml:36:13-107
152            android:visibleToInstantApps="true" />
152-->[com.google.android.gms:play-services-auth:20.0.1] AndroidManifest.xml:37:13-48
153
154        <activity
154-->[com.google.android.gms:play-services-base:18.0.1] AndroidManifest.xml:20:9-22:45
155            android:name="com.google.android.gms.common.api.GoogleApiActivity"
155-->[com.google.android.gms:play-services-base:18.0.1] AndroidManifest.xml:20:19-85
156            android:exported="false"
156-->[com.google.android.gms:play-services-base:18.0.1] AndroidManifest.xml:22:19-43
157            android:theme="@android:style/Theme.Translucent.NoTitleBar" /> <!-- Include the AdActivity and InAppPurchaseActivity configChanges and themes. -->
157-->[com.google.android.gms:play-services-base:18.0.1] AndroidManifest.xml:21:19-78
158        <activity
158-->[com.google.android.gms:play-services-ads-lite:20.6.0] AndroidManifest.xml:49:9-53:64
159            android:name="com.google.android.gms.ads.AdActivity"
159-->[com.google.android.gms:play-services-ads-lite:20.6.0] AndroidManifest.xml:50:13-65
160            android:configChanges="keyboard|keyboardHidden|orientation|screenLayout|uiMode|screenSize|smallestScreenSize"
160-->[com.google.android.gms:play-services-ads-lite:20.6.0] AndroidManifest.xml:51:13-122
161            android:exported="false"
161-->[com.google.android.gms:play-services-ads-lite:20.6.0] AndroidManifest.xml:52:13-37
162            android:theme="@android:style/Theme.Translucent" />
162-->[com.google.android.gms:play-services-ads-lite:20.6.0] AndroidManifest.xml:53:13-61
163
164        <provider
164-->[com.google.android.gms:play-services-ads-lite:20.6.0] AndroidManifest.xml:55:9-59:39
165            android:name="com.google.android.gms.ads.MobileAdsInitProvider"
165-->[com.google.android.gms:play-services-ads-lite:20.6.0] AndroidManifest.xml:56:13-76
166            android:authorities="com.example.game_template.mobileadsinitprovider"
166-->[com.google.android.gms:play-services-ads-lite:20.6.0] AndroidManifest.xml:57:13-73
167            android:exported="false"
167-->[com.google.android.gms:play-services-ads-lite:20.6.0] AndroidManifest.xml:58:13-37
168            android:initOrder="100" />
168-->[com.google.android.gms:play-services-ads-lite:20.6.0] AndroidManifest.xml:59:13-36
169
170        <service
170-->[com.google.android.gms:play-services-ads-lite:20.6.0] AndroidManifest.xml:61:9-64:40
171            android:name="com.google.android.gms.ads.AdService"
171-->[com.google.android.gms:play-services-ads-lite:20.6.0] AndroidManifest.xml:62:13-64
172            android:enabled="true"
172-->[com.google.android.gms:play-services-ads-lite:20.6.0] AndroidManifest.xml:63:13-35
173            android:exported="false" />
173-->[com.google.android.gms:play-services-ads-lite:20.6.0] AndroidManifest.xml:64:13-37
174
175        <provider
175-->[androidx.work:work-runtime:2.7.0] AndroidManifest.xml:31:9-39:20
176            android:name="androidx.startup.InitializationProvider"
176-->[androidx.work:work-runtime:2.7.0] AndroidManifest.xml:32:13-67
177            android:authorities="com.example.game_template.androidx-startup"
177-->[androidx.work:work-runtime:2.7.0] AndroidManifest.xml:33:13-68
178            android:exported="false" >
178-->[androidx.work:work-runtime:2.7.0] AndroidManifest.xml:34:13-37
179            <meta-data
179-->[androidx.work:work-runtime:2.7.0] AndroidManifest.xml:36:13-38:52
180                android:name="androidx.work.WorkManagerInitializer"
180-->[androidx.work:work-runtime:2.7.0] AndroidManifest.xml:37:17-68
181                android:value="androidx.startup" />
181-->[androidx.work:work-runtime:2.7.0] AndroidManifest.xml:38:17-49
182        </provider>
183
184        <service
184-->[androidx.work:work-runtime:2.7.0] AndroidManifest.xml:41:9-46:35
185            android:name="androidx.work.impl.background.systemalarm.SystemAlarmService"
185-->[androidx.work:work-runtime:2.7.0] AndroidManifest.xml:42:13-88
186            android:directBootAware="false"
186-->[androidx.work:work-runtime:2.7.0] AndroidManifest.xml:43:13-44
187            android:enabled="@bool/enable_system_alarm_service_default"
187-->[androidx.work:work-runtime:2.7.0] AndroidManifest.xml:44:13-72
188            android:exported="false" />
188-->[androidx.work:work-runtime:2.7.0] AndroidManifest.xml:45:13-37
189        <service
189-->[androidx.work:work-runtime:2.7.0] AndroidManifest.xml:47:9-53:35
190            android:name="androidx.work.impl.background.systemjob.SystemJobService"
190-->[androidx.work:work-runtime:2.7.0] AndroidManifest.xml:48:13-84
191            android:directBootAware="false"
191-->[androidx.work:work-runtime:2.7.0] AndroidManifest.xml:49:13-44
192            android:enabled="@bool/enable_system_job_service_default"
192-->[androidx.work:work-runtime:2.7.0] AndroidManifest.xml:50:13-70
193            android:exported="true"
193-->[androidx.work:work-runtime:2.7.0] AndroidManifest.xml:51:13-36
194            android:permission="android.permission.BIND_JOB_SERVICE" />
194-->[androidx.work:work-runtime:2.7.0] AndroidManifest.xml:52:13-69
195        <service
195-->[androidx.work:work-runtime:2.7.0] AndroidManifest.xml:54:9-59:35
196            android:name="androidx.work.impl.foreground.SystemForegroundService"
196-->[androidx.work:work-runtime:2.7.0] AndroidManifest.xml:55:13-81
197            android:directBootAware="false"
197-->[androidx.work:work-runtime:2.7.0] AndroidManifest.xml:56:13-44
198            android:enabled="@bool/enable_system_foreground_service_default"
198-->[androidx.work:work-runtime:2.7.0] AndroidManifest.xml:57:13-77
199            android:exported="false" />
199-->[androidx.work:work-runtime:2.7.0] AndroidManifest.xml:58:13-37
200
201        <receiver
201-->[androidx.work:work-runtime:2.7.0] AndroidManifest.xml:61:9-66:35
202            android:name="androidx.work.impl.utils.ForceStopRunnable$BroadcastReceiver"
202-->[androidx.work:work-runtime:2.7.0] AndroidManifest.xml:62:13-88
203            android:directBootAware="false"
203-->[androidx.work:work-runtime:2.7.0] AndroidManifest.xml:63:13-44
204            android:enabled="true"
204-->[androidx.work:work-runtime:2.7.0] AndroidManifest.xml:64:13-35
205            android:exported="false" />
205-->[androidx.work:work-runtime:2.7.0] AndroidManifest.xml:65:13-37
206        <receiver
206-->[androidx.work:work-runtime:2.7.0] AndroidManifest.xml:67:9-77:20
207            android:name="androidx.work.impl.background.systemalarm.ConstraintProxy$BatteryChargingProxy"
207-->[androidx.work:work-runtime:2.7.0] AndroidManifest.xml:68:13-106
208            android:directBootAware="false"
208-->[androidx.work:work-runtime:2.7.0] AndroidManifest.xml:69:13-44
209            android:enabled="false"
209-->[androidx.work:work-runtime:2.7.0] AndroidManifest.xml:70:13-36
210            android:exported="false" >
210-->[androidx.work:work-runtime:2.7.0] AndroidManifest.xml:71:13-37
211            <intent-filter>
211-->[androidx.work:work-runtime:2.7.0] AndroidManifest.xml:73:13-76:29
212                <action android:name="android.intent.action.ACTION_POWER_CONNECTED" />
212-->[androidx.work:work-runtime:2.7.0] AndroidManifest.xml:74:17-87
212-->[androidx.work:work-runtime:2.7.0] AndroidManifest.xml:74:25-84
213                <action android:name="android.intent.action.ACTION_POWER_DISCONNECTED" />
213-->[androidx.work:work-runtime:2.7.0] AndroidManifest.xml:75:17-90
213-->[androidx.work:work-runtime:2.7.0] AndroidManifest.xml:75:25-87
214            </intent-filter>
215        </receiver>
216        <receiver
216-->[androidx.work:work-runtime:2.7.0] AndroidManifest.xml:78:9-88:20
217            android:name="androidx.work.impl.background.systemalarm.ConstraintProxy$BatteryNotLowProxy"
217-->[androidx.work:work-runtime:2.7.0] AndroidManifest.xml:79:13-104
218            android:directBootAware="false"
218-->[androidx.work:work-runtime:2.7.0] AndroidManifest.xml:80:13-44
219            android:enabled="false"
219-->[androidx.work:work-runtime:2.7.0] AndroidManifest.xml:81:13-36
220            android:exported="false" >
220-->[androidx.work:work-runtime:2.7.0] AndroidManifest.xml:82:13-37
221            <intent-filter>
221-->[androidx.work:work-runtime:2.7.0] AndroidManifest.xml:84:13-87:29
222                <action android:name="android.intent.action.BATTERY_OKAY" />
222-->[androidx.work:work-runtime:2.7.0] AndroidManifest.xml:85:17-77
222-->[androidx.work:work-runtime:2.7.0] AndroidManifest.xml:85:25-74
223                <action android:name="android.intent.action.BATTERY_LOW" />
223-->[androidx.work:work-runtime:2.7.0] AndroidManifest.xml:86:17-76
223-->[androidx.work:work-runtime:2.7.0] AndroidManifest.xml:86:25-73
224            </intent-filter>
225        </receiver>
226        <receiver
226-->[androidx.work:work-runtime:2.7.0] AndroidManifest.xml:89:9-99:20
227            android:name="androidx.work.impl.background.systemalarm.ConstraintProxy$StorageNotLowProxy"
227-->[androidx.work:work-runtime:2.7.0] AndroidManifest.xml:90:13-104
228            android:directBootAware="false"
228-->[androidx.work:work-runtime:2.7.0] AndroidManifest.xml:91:13-44
229            android:enabled="false"
229-->[androidx.work:work-runtime:2.7.0] AndroidManifest.xml:92:13-36
230            android:exported="false" >
230-->[androidx.work:work-runtime:2.7.0] AndroidManifest.xml:93:13-37
231            <intent-filter>
231-->[androidx.work:work-runtime:2.7.0] AndroidManifest.xml:95:13-98:29
232                <action android:name="android.intent.action.DEVICE_STORAGE_LOW" />
232-->[androidx.work:work-runtime:2.7.0] AndroidManifest.xml:96:17-83
232-->[androidx.work:work-runtime:2.7.0] AndroidManifest.xml:96:25-80
233                <action android:name="android.intent.action.DEVICE_STORAGE_OK" />
233-->[androidx.work:work-runtime:2.7.0] AndroidManifest.xml:97:17-82
233-->[androidx.work:work-runtime:2.7.0] AndroidManifest.xml:97:25-79
234            </intent-filter>
235        </receiver>
236        <receiver
236-->[androidx.work:work-runtime:2.7.0] AndroidManifest.xml:100:9-109:20
237            android:name="androidx.work.impl.background.systemalarm.ConstraintProxy$NetworkStateProxy"
237-->[androidx.work:work-runtime:2.7.0] AndroidManifest.xml:101:13-103
238            android:directBootAware="false"
238-->[androidx.work:work-runtime:2.7.0] AndroidManifest.xml:102:13-44
239            android:enabled="false"
239-->[androidx.work:work-runtime:2.7.0] AndroidManifest.xml:103:13-36
240            android:exported="false" >
240-->[androidx.work:work-runtime:2.7.0] AndroidManifest.xml:104:13-37
241            <intent-filter>
241-->[androidx.work:work-runtime:2.7.0] AndroidManifest.xml:106:13-108:29
242                <action android:name="android.net.conn.CONNECTIVITY_CHANGE" />
242-->[androidx.work:work-runtime:2.7.0] AndroidManifest.xml:107:17-79
242-->[androidx.work:work-runtime:2.7.0] AndroidManifest.xml:107:25-76
243            </intent-filter>
244        </receiver>
245        <receiver
245-->[androidx.work:work-runtime:2.7.0] AndroidManifest.xml:110:9-121:20
246            android:name="androidx.work.impl.background.systemalarm.RescheduleReceiver"
246-->[androidx.work:work-runtime:2.7.0] AndroidManifest.xml:111:13-88
247            android:directBootAware="false"
247-->[androidx.work:work-runtime:2.7.0] AndroidManifest.xml:112:13-44
248            android:enabled="false"
248-->[androidx.work:work-runtime:2.7.0] AndroidManifest.xml:113:13-36
249            android:exported="false" >
249-->[androidx.work:work-runtime:2.7.0] AndroidManifest.xml:114:13-37
250            <intent-filter>
250-->[androidx.work:work-runtime:2.7.0] AndroidManifest.xml:116:13-120:29
251                <action android:name="android.intent.action.BOOT_COMPLETED" />
251-->[androidx.work:work-runtime:2.7.0] AndroidManifest.xml:117:17-79
251-->[androidx.work:work-runtime:2.7.0] AndroidManifest.xml:117:25-76
252                <action android:name="android.intent.action.TIME_SET" />
252-->[androidx.work:work-runtime:2.7.0] AndroidManifest.xml:118:17-73
252-->[androidx.work:work-runtime:2.7.0] AndroidManifest.xml:118:25-70
253                <action android:name="android.intent.action.TIMEZONE_CHANGED" />
253-->[androidx.work:work-runtime:2.7.0] AndroidManifest.xml:119:17-81
253-->[androidx.work:work-runtime:2.7.0] AndroidManifest.xml:119:25-78
254            </intent-filter>
255        </receiver>
256        <receiver
256-->[androidx.work:work-runtime:2.7.0] AndroidManifest.xml:122:9-131:20
257            android:name="androidx.work.impl.background.systemalarm.ConstraintProxyUpdateReceiver"
257-->[androidx.work:work-runtime:2.7.0] AndroidManifest.xml:123:13-99
258            android:directBootAware="false"
258-->[androidx.work:work-runtime:2.7.0] AndroidManifest.xml:124:13-44
259            android:enabled="@bool/enable_system_alarm_service_default"
259-->[androidx.work:work-runtime:2.7.0] AndroidManifest.xml:125:13-72
260            android:exported="false" >
260-->[androidx.work:work-runtime:2.7.0] AndroidManifest.xml:126:13-37
261            <intent-filter>
261-->[androidx.work:work-runtime:2.7.0] AndroidManifest.xml:128:13-130:29
262                <action android:name="androidx.work.impl.background.systemalarm.UpdateProxies" />
262-->[androidx.work:work-runtime:2.7.0] AndroidManifest.xml:129:17-98
262-->[androidx.work:work-runtime:2.7.0] AndroidManifest.xml:129:25-95
263            </intent-filter>
264        </receiver>
265        <receiver
265-->[androidx.work:work-runtime:2.7.0] AndroidManifest.xml:132:9-142:20
266            android:name="androidx.work.impl.diagnostics.DiagnosticsReceiver"
266-->[androidx.work:work-runtime:2.7.0] AndroidManifest.xml:133:13-78
267            android:directBootAware="false"
267-->[androidx.work:work-runtime:2.7.0] AndroidManifest.xml:134:13-44
268            android:enabled="true"
268-->[androidx.work:work-runtime:2.7.0] AndroidManifest.xml:135:13-35
269            android:exported="true"
269-->[androidx.work:work-runtime:2.7.0] AndroidManifest.xml:136:13-36
270            android:permission="android.permission.DUMP" >
270-->[androidx.work:work-runtime:2.7.0] AndroidManifest.xml:137:13-57
271            <intent-filter>
271-->[androidx.work:work-runtime:2.7.0] AndroidManifest.xml:139:13-141:29
272                <action android:name="androidx.work.diagnostics.REQUEST_DIAGNOSTICS" />
272-->[androidx.work:work-runtime:2.7.0] AndroidManifest.xml:140:17-88
272-->[androidx.work:work-runtime:2.7.0] AndroidManifest.xml:140:25-85
273            </intent-filter>
274        </receiver>
275
276        <service
276-->[com.google.android.datatransport:transport-backend-cct:3.1.2] AndroidManifest.xml:29:9-35:19
277            android:name="com.google.android.datatransport.runtime.backends.TransportBackendDiscovery"
277-->[com.google.android.datatransport:transport-backend-cct:3.1.2] AndroidManifest.xml:30:13-103
278            android:exported="false" >
278-->[com.google.android.datatransport:transport-backend-cct:3.1.2] AndroidManifest.xml:31:13-37
279            <meta-data
279-->[com.google.android.datatransport:transport-backend-cct:3.1.2] AndroidManifest.xml:32:13-34:39
280                android:name="backend:com.google.android.datatransport.cct.CctBackendFactory"
280-->[com.google.android.datatransport:transport-backend-cct:3.1.2] AndroidManifest.xml:33:17-94
281                android:value="cct" />
281-->[com.google.android.datatransport:transport-backend-cct:3.1.2] AndroidManifest.xml:34:17-36
282        </service>
283        <service
283-->[com.google.android.datatransport:transport-runtime:3.1.2] AndroidManifest.xml:26:9-30:19
284            android:name="com.google.android.datatransport.runtime.scheduling.jobscheduling.JobInfoSchedulerService"
284-->[com.google.android.datatransport:transport-runtime:3.1.2] AndroidManifest.xml:27:13-117
285            android:exported="false"
285-->[com.google.android.datatransport:transport-runtime:3.1.2] AndroidManifest.xml:28:13-37
286            android:permission="android.permission.BIND_JOB_SERVICE" >
286-->[com.google.android.datatransport:transport-runtime:3.1.2] AndroidManifest.xml:29:13-69
287        </service>
288
289        <receiver
289-->[com.google.android.datatransport:transport-runtime:3.1.2] AndroidManifest.xml:32:9-34:40
290            android:name="com.google.android.datatransport.runtime.scheduling.jobscheduling.AlarmManagerSchedulerBroadcastReceiver"
290-->[com.google.android.datatransport:transport-runtime:3.1.2] AndroidManifest.xml:33:13-132
291            android:exported="false" />
291-->[com.google.android.datatransport:transport-runtime:3.1.2] AndroidManifest.xml:34:13-37
292
293        <service
293-->[androidx.room:room-runtime:2.2.5] AndroidManifest.xml:25:9-28:40
294            android:name="androidx.room.MultiInstanceInvalidationService"
294-->[androidx.room:room-runtime:2.2.5] AndroidManifest.xml:26:13-74
295            android:directBootAware="true"
295-->[androidx.room:room-runtime:2.2.5] AndroidManifest.xml:27:13-43
296            android:exported="false" />
296-->[androidx.room:room-runtime:2.2.5] AndroidManifest.xml:28:13-37
297
298        <meta-data
298-->[com.android.billingclient:billing:3.0.2] AndroidManifest.xml:13:9-15:37